  main.cpp
C:\Users\zndwl\OneDrive\문서\GitHub\GTAP\Reinforcement_Learning_TSP\individuals.h(78,27): warning C4267: '=': 'size_t'에서 'int'(으)로 변환하면서 데이터가 손실될 수 있습니다.
C:\Users\zndwl\OneDrive\문서\GitHub\GTAP\Reinforcement_Learning_TSP\individuals.h(144,28): warning C4267: '초기화 중': 'size_t'에서 'int'(으)로 변환하면서 데이터가 손실될 수 있습니다.
C:\Users\zndwl\OneDrive\문서\GitHub\GTAP\Reinforcement_Learning_TSP\individuals.h(173,7): warning C4101: 'a' :참조되지 않은 지역 변수입니다.
C:\Users\zndwl\OneDrive\문서\GitHub\GTAP\Reinforcement_Learning_TSP\individuals.h(173,10): warning C4101: 'b' :참조되지 않은 지역 변수입니다.
C:\Users\zndwl\OneDrive\문서\GitHub\GTAP\Reinforcement_Learning_TSP\individuals.h(262,28): warning C4267: '초기화 중': 'size_t'에서 'int'(으)로 변환하면서 데이터가 손실될 수 있습니다.
C:\Users\zndwl\OneDrive\문서\GitHub\GTAP\Reinforcement_Learning_TSP\individuals.h(287,7): warning C4101: 'a' :참조되지 않은 지역 변수입니다.
C:\Users\zndwl\OneDrive\문서\GitHub\GTAP\Reinforcement_Learning_TSP\individuals.h(287,48): warning C4101: 'k' :참조되지 않은 지역 변수입니다.
C:\Users\zndwl\OneDrive\문서\GitHub\GTAP\Reinforcement_Learning_TSP\individuals.h(287,10): warning C4101: 'b' :참조되지 않은 지역 변수입니다.
C:\Users\zndwl\OneDrive\문서\GitHub\GTAP\Reinforcement_Learning_TSP\population.h(112,14): warning C4101: 'error_code' :참조되지 않은 지역 변수입니다.
C:\Users\zndwl\OneDrive\문서\GitHub\GTAP\Reinforcement_Learning_TSP\population.h(190,32): warning C4267: '초기화 중': 'size_t'에서 'int'(으)로 변환하면서 데이터가 손실될 수 있습니다.
C:\Users\zndwl\OneDrive\문서\GitHub\GTAP\Reinforcement_Learning_TSP\population.h(214,30): warning C4267: '초기화 중': 'size_t'에서 'int'(으)로 변환하면서 데이터가 손실될 수 있습니다.
C:\Users\zndwl\OneDrive\문서\GitHub\GTAP\Reinforcement_Learning_TSP\population.h(255,36): warning C4267: '초기화 중': 'size_t'에서 'int'(으)로 변환하면서 데이터가 손실될 수 있습니다.
C:\Users\zndwl\OneDrive\문서\GitHub\GTAP\Reinforcement_Learning_TSP\population.h(320,30): warning C4267: '초기화 중': 'size_t'에서 'int'(으)로 변환하면서 데이터가 손실될 수 있습니다.
C:\Users\zndwl\OneDrive\문서\GitHub\GTAP\Reinforcement_Learning_TSP\population.h(321,13): warning C4244: '초기화 중': 'double'에서 'int'(으)로 변환하면서 데이터가 손실될 수 있습니다.
C:\Users\zndwl\OneDrive\문서\GitHub\GTAP\Reinforcement_Learning_TSP\population.h(332,15): warning C4244: '=': 'double'에서 'int'(으)로 변환하면서 데이터가 손실될 수 있습니다.
C:\Users\zndwl\OneDrive\문서\GitHub\GTAP\Reinforcement_Learning_TSP\data_structure_TSP.h(65,24): warning C4305: '초기화 중': 'double'에서 'float'(으)로 잘립니다.
C:\Users\zndwl\OneDrive\문서\GitHub\GTAP\Reinforcement_Learning_TSP\data_structure_TSP.h(118,1): warning C4554: '&': 연산자 우선 순위에 오류가 있는지 확인하세요. 괄호를 사용하여 우선 순위를 명확하게 지정하세요.
C:\Users\zndwl\OneDrive\문서\GitHub\GTAP\Reinforcement_Learning_TSP\data_structure_TSP.h(137,1): warning C4554: '&': 연산자 우선 순위에 오류가 있는지 확인하세요. 괄호를 사용하여 우선 순위를 명확하게 지정하세요.
C:\Users\zndwl\OneDrive\문서\GitHub\GTAP\Reinforcement_Learning_TSP\show_TSP.h(74,44): warning C4554: '|': 연산자 우선 순위에 오류가 있는지 확인하세요. 괄호를 사용하여 우선 순위를 명확하게 지정하세요.
C:\Users\zndwl\OneDrive\문서\GitHub\GTAP\Reinforcement_Learning_TSP\show_TSP.h(147,44): warning C4554: '|': 연산자 우선 순위에 오류가 있는지 확인하세요. 괄호를 사용하여 우선 순위를 명확하게 지정하세요.
C:\Users\zndwl\OneDrive\문서\GitHub\GTAP\Reinforcement_Learning_TSP\show_TSP.h(222,36): warning C4244: '인수': 'double'에서 'int'(으)로 변환하면서 데이터가 손실될 수 있습니다.
C:\Users\zndwl\OneDrive\문서\GitHub\GTAP\Reinforcement_Learning_TSP\MST.hpp(74,42): warning C4554: '|': 연산자 우선 순위에 오류가 있는지 확인하세요. 괄호를 사용하여 우선 순위를 명확하게 지정하세요.
C:\Users\zndwl\OneDrive\문서\GitHub\GTAP\Reinforcement_Learning_TSP\MST.hpp(245,44): warning C4244: '인수': 'int'에서 'float'(으)로 변환하면서 데이터가 손실될 수 있습니다.
C:\Users\zndwl\OneDrive\문서\GitHub\GTAP\Reinforcement_Learning_TSP\MST.hpp(245,40): warning C4244: '인수': 'int'에서 'float'(으)로 변환하면서 데이터가 손실될 수 있습니다.
C:\Users\zndwl\OneDrive\문서\GitHub\GTAP\Reinforcement_Learning_TSP\MST.hpp(246,43): warning C4244: '인수': 'int'에서 'float'(으)로 변환하면서 데이터가 손실될 수 있습니다.
C:\Users\zndwl\OneDrive\문서\GitHub\GTAP\Reinforcement_Learning_TSP\MST.hpp(246,40): warning C4244: '인수': 'int'에서 'float'(으)로 변환하면서 데이터가 손실될 수 있습니다.
C:\Users\zndwl\OneDrive\문서\GitHub\GTAP\Reinforcement_Learning_TSP\utilcv\service.h(41,21): warning C4018: '<': signed 또는 unsigned가 일치하지 않습니다.
C:\Users\zndwl\OneDrive\문서\GitHub\GTAP\Reinforcement_Learning_TSP\individuals.h(127): warning C4172: 지역 변수 또는 임시의 주소를 반환하고 있습니다.
C:\Users\zndwl\OneDrive\문서\GitHub\GTAP\Reinforcement_Learning_TSP\population.h(178): warning C4715: 'GA::population::canMoved': 모든 제어 경로에서 값을 반환하지는 않습니다.
C:\Users\zndwl\OneDrive\문서\GitHub\GTAP\Reinforcement_Learning_TSP\population.h(342): warning C4715: 'GA::population::nextGenerate': 모든 제어 경로에서 값을 반환하지는 않습니다.
  Reinforcement_Learning_TSP.vcxproj -> C:\Users\zndwl\OneDrive\문서\GitHub\GTAP\x64\Debug\Reinforcement_Learning_TSP.exe
